<?xml version="1.0" encoding="UTF-8"?>
<!-- Generated by org.testng.reporters.JUnitReportReporter -->
<testsuite hostname="INCNU4129FFM" failures="0" tests="1" name="POMProjectModel.LoginTest" time="22.079" errors="0" timestamp="2020-08-18T12:54:53 IST" skipped="0">
  <testcase classname="POMProjectModel.LoginTest" name="LogIn" time="22.079"/>
  <system-out/>
</testsuite> <!-- POMProjectModel.LoginTest -->
